Start testing: Nov 21 20:08 MSK
----------------------------------------------------------
1/32 Testing: /home/ananasik/projects/C++/vlados/5/ParaCL/1_version/build/paracl_0001
1/32 Test: /home/ananasik/projects/C++/vlados/5/ParaCL/1_version/build/paracl_0001
Command: "/home/ananasik/projects/C++/vlados/5/ParaCL/1_version/debug/parse_program_output/parse_result.py" "/home/ananasik/projects/C++/vlados/5/ParaCL/1_version/build/paracl" "/home/ananasik/projects/C++/vlados/5/ParaCL/1_version/tests/e2e/dat/0001.cl" "/home/ananasik/projects/C++/vlados/5/ParaCL/1_version/tests/e2e/ans/0001.ans"
Directory: /home/ananasik/projects/C++/vlados/5/ParaCL/1_version/build
"/home/ananasik/projects/C++/vlados/5/ParaCL/1_version/build/paracl_0001" start time: Nov 21 20:08 MSK
Output:
----------------------------------------------------------
[92mTEST PASSED[0m
<end of output>
Test time =   0.05 sec
----------------------------------------------------------
Test Passed.
"/home/ananasik/projects/C++/vlados/5/ParaCL/1_version/build/paracl_0001" end time: Nov 21 20:08 MSK
"/home/ananasik/projects/C++/vlados/5/ParaCL/1_version/build/paracl_0001" time elapsed: 00:00:00
----------------------------------------------------------

2/32 Testing: /home/ananasik/projects/C++/vlados/5/ParaCL/1_version/build/paracl_0002
2/32 Test: /home/ananasik/projects/C++/vlados/5/ParaCL/1_version/build/paracl_0002
Command: "/home/ananasik/projects/C++/vlados/5/ParaCL/1_version/debug/parse_program_output/parse_result.py" "/home/ananasik/projects/C++/vlados/5/ParaCL/1_version/build/paracl" "/home/ananasik/projects/C++/vlados/5/ParaCL/1_version/tests/e2e/dat/0002.cl" "/home/ananasik/projects/C++/vlados/5/ParaCL/1_version/tests/e2e/ans/0002.ans"
Directory: /home/ananasik/projects/C++/vlados/5/ParaCL/1_version/build
"/home/ananasik/projects/C++/vlados/5/ParaCL/1_version/build/paracl_0002" start time: Nov 21 20:08 MSK
Output:
----------------------------------------------------------
[92mTEST PASSED[0m
<end of output>
Test time =   0.04 sec
----------------------------------------------------------
Test Passed.
"/home/ananasik/projects/C++/vlados/5/ParaCL/1_version/build/paracl_0002" end time: Nov 21 20:08 MSK
"/home/ananasik/projects/C++/vlados/5/ParaCL/1_version/build/paracl_0002" time elapsed: 00:00:00
----------------------------------------------------------

3/32 Testing: /home/ananasik/projects/C++/vlados/5/ParaCL/1_version/build/paracl_0003
3/32 Test: /home/ananasik/projects/C++/vlados/5/ParaCL/1_version/build/paracl_0003
Command: "/home/ananasik/projects/C++/vlados/5/ParaCL/1_version/debug/parse_program_output/parse_result.py" "/home/ananasik/projects/C++/vlados/5/ParaCL/1_version/build/paracl" "/home/ananasik/projects/C++/vlados/5/ParaCL/1_version/tests/e2e/dat/0003.cl" "/home/ananasik/projects/C++/vlados/5/ParaCL/1_version/tests/e2e/ans/0003.ans"
Directory: /home/ananasik/projects/C++/vlados/5/ParaCL/1_version/build
"/home/ananasik/projects/C++/vlados/5/ParaCL/1_version/build/paracl_0003" start time: Nov 21 20:08 MSK
Output:
----------------------------------------------------------
[92mTEST PASSED[0m
<end of output>
Test time =   0.05 sec
----------------------------------------------------------
Test Passed.
"/home/ananasik/projects/C++/vlados/5/ParaCL/1_version/build/paracl_0003" end time: Nov 21 20:08 MSK
"/home/ananasik/projects/C++/vlados/5/ParaCL/1_version/build/paracl_0003" time elapsed: 00:00:00
----------------------------------------------------------

4/32 Testing: /home/ananasik/projects/C++/vlados/5/ParaCL/1_version/build/paracl_0004
4/32 Test: /home/ananasik/projects/C++/vlados/5/ParaCL/1_version/build/paracl_0004
Command: "/home/ananasik/projects/C++/vlados/5/ParaCL/1_version/debug/parse_program_output/parse_result.py" "/home/ananasik/projects/C++/vlados/5/ParaCL/1_version/build/paracl" "/home/ananasik/projects/C++/vlados/5/ParaCL/1_version/tests/e2e/dat/0004.cl" "/home/ananasik/projects/C++/vlados/5/ParaCL/1_version/tests/e2e/ans/0004.ans"
Directory: /home/ananasik/projects/C++/vlados/5/ParaCL/1_version/build
"/home/ananasik/projects/C++/vlados/5/ParaCL/1_version/build/paracl_0004" start time: Nov 21 20:08 MSK
Output:
----------------------------------------------------------
[92mTEST PASSED[0m
<end of output>
Test time =   0.04 sec
----------------------------------------------------------
Test Passed.
"/home/ananasik/projects/C++/vlados/5/ParaCL/1_version/build/paracl_0004" end time: Nov 21 20:08 MSK
"/home/ananasik/projects/C++/vlados/5/ParaCL/1_version/build/paracl_0004" time elapsed: 00:00:00
----------------------------------------------------------

5/32 Testing: /home/ananasik/projects/C++/vlados/5/ParaCL/1_version/build/paracl_0005
5/32 Test: /home/ananasik/projects/C++/vlados/5/ParaCL/1_version/build/paracl_0005
Command: "/home/ananasik/projects/C++/vlados/5/ParaCL/1_version/debug/parse_program_output/parse_result.py" "/home/ananasik/projects/C++/vlados/5/ParaCL/1_version/build/paracl" "/home/ananasik/projects/C++/vlados/5/ParaCL/1_version/tests/e2e/dat/0005.cl" "/home/ananasik/projects/C++/vlados/5/ParaCL/1_version/tests/e2e/ans/0005.ans"
Directory: /home/ananasik/projects/C++/vlados/5/ParaCL/1_version/build
"/home/ananasik/projects/C++/vlados/5/ParaCL/1_version/build/paracl_0005" start time: Nov 21 20:08 MSK
Output:
----------------------------------------------------------
[92mTEST PASSED[0m
<end of output>
Test time =   0.05 sec
----------------------------------------------------------
Test Passed.
"/home/ananasik/projects/C++/vlados/5/ParaCL/1_version/build/paracl_0005" end time: Nov 21 20:08 MSK
"/home/ananasik/projects/C++/vlados/5/ParaCL/1_version/build/paracl_0005" time elapsed: 00:00:00
----------------------------------------------------------

6/32 Testing: /home/ananasik/projects/C++/vlados/5/ParaCL/1_version/build/paracl_0006
6/32 Test: /home/ananasik/projects/C++/vlados/5/ParaCL/1_version/build/paracl_0006
Command: "/home/ananasik/projects/C++/vlados/5/ParaCL/1_version/debug/parse_program_output/parse_result.py" "/home/ananasik/projects/C++/vlados/5/ParaCL/1_version/build/paracl" "/home/ananasik/projects/C++/vlados/5/ParaCL/1_version/tests/e2e/dat/0006.cl" "/home/ananasik/projects/C++/vlados/5/ParaCL/1_version/tests/e2e/ans/0006.ans"
Directory: /home/ananasik/projects/C++/vlados/5/ParaCL/1_version/build
"/home/ananasik/projects/C++/vlados/5/ParaCL/1_version/build/paracl_0006" start time: Nov 21 20:08 MSK
Output:
----------------------------------------------------------
[92mTEST PASSED[0m
<end of output>
Test time =   0.04 sec
----------------------------------------------------------
Test Passed.
"/home/ananasik/projects/C++/vlados/5/ParaCL/1_version/build/paracl_0006" end time: Nov 21 20:08 MSK
"/home/ananasik/projects/C++/vlados/5/ParaCL/1_version/build/paracl_0006" time elapsed: 00:00:00
----------------------------------------------------------

7/32 Testing: /home/ananasik/projects/C++/vlados/5/ParaCL/1_version/build/paracl_0007
7/32 Test: /home/ananasik/projects/C++/vlados/5/ParaCL/1_version/build/paracl_0007
Command: "/home/ananasik/projects/C++/vlados/5/ParaCL/1_version/debug/parse_program_output/parse_result.py" "/home/ananasik/projects/C++/vlados/5/ParaCL/1_version/build/paracl" "/home/ananasik/projects/C++/vlados/5/ParaCL/1_version/tests/e2e/dat/0007.cl" "/home/ananasik/projects/C++/vlados/5/ParaCL/1_version/tests/e2e/ans/0007.ans"
Directory: /home/ananasik/projects/C++/vlados/5/ParaCL/1_version/build
"/home/ananasik/projects/C++/vlados/5/ParaCL/1_version/build/paracl_0007" start time: Nov 21 20:08 MSK
Output:
----------------------------------------------------------
[92mTEST PASSED[0m
<end of output>
Test time =   0.05 sec
----------------------------------------------------------
Test Passed.
"/home/ananasik/projects/C++/vlados/5/ParaCL/1_version/build/paracl_0007" end time: Nov 21 20:08 MSK
"/home/ananasik/projects/C++/vlados/5/ParaCL/1_version/build/paracl_0007" time elapsed: 00:00:00
----------------------------------------------------------

8/32 Testing: /home/ananasik/projects/C++/vlados/5/ParaCL/1_version/build/paracl_0008
8/32 Test: /home/ananasik/projects/C++/vlados/5/ParaCL/1_version/build/paracl_0008
Command: "/home/ananasik/projects/C++/vlados/5/ParaCL/1_version/debug/parse_program_output/parse_result.py" "/home/ananasik/projects/C++/vlados/5/ParaCL/1_version/build/paracl" "/home/ananasik/projects/C++/vlados/5/ParaCL/1_version/tests/e2e/dat/0008.cl" "/home/ananasik/projects/C++/vlados/5/ParaCL/1_version/tests/e2e/ans/0008.ans"
Directory: /home/ananasik/projects/C++/vlados/5/ParaCL/1_version/build
"/home/ananasik/projects/C++/vlados/5/ParaCL/1_version/build/paracl_0008" start time: Nov 21 20:08 MSK
Output:
----------------------------------------------------------
[92mTEST PASSED[0m
<end of output>
Test time =   0.04 sec
----------------------------------------------------------
Test Passed.
"/home/ananasik/projects/C++/vlados/5/ParaCL/1_version/build/paracl_0008" end time: Nov 21 20:08 MSK
"/home/ananasik/projects/C++/vlados/5/ParaCL/1_version/build/paracl_0008" time elapsed: 00:00:00
----------------------------------------------------------

9/32 Testing: /home/ananasik/projects/C++/vlados/5/ParaCL/1_version/build/paracl_0009
9/32 Test: /home/ananasik/projects/C++/vlados/5/ParaCL/1_version/build/paracl_0009
Command: "/home/ananasik/projects/C++/vlados/5/ParaCL/1_version/debug/parse_program_output/parse_result.py" "/home/ananasik/projects/C++/vlados/5/ParaCL/1_version/build/paracl" "/home/ananasik/projects/C++/vlados/5/ParaCL/1_version/tests/e2e/dat/0009.cl" "/home/ananasik/projects/C++/vlados/5/ParaCL/1_version/tests/e2e/ans/0009.ans"
Directory: /home/ananasik/projects/C++/vlados/5/ParaCL/1_version/build
"/home/ananasik/projects/C++/vlados/5/ParaCL/1_version/build/paracl_0009" start time: Nov 21 20:08 MSK
Output:
----------------------------------------------------------
[92mTEST PASSED[0m
<end of output>
Test time =   0.05 sec
----------------------------------------------------------
Test Passed.
"/home/ananasik/projects/C++/vlados/5/ParaCL/1_version/build/paracl_0009" end time: Nov 21 20:08 MSK
"/home/ananasik/projects/C++/vlados/5/ParaCL/1_version/build/paracl_0009" time elapsed: 00:00:00
----------------------------------------------------------

10/32 Testing: /home/ananasik/projects/C++/vlados/5/ParaCL/1_version/build/paracl_0010
10/32 Test: /home/ananasik/projects/C++/vlados/5/ParaCL/1_version/build/paracl_0010
Command: "/home/ananasik/projects/C++/vlados/5/ParaCL/1_version/debug/parse_program_output/parse_result.py" "/home/ananasik/projects/C++/vlados/5/ParaCL/1_version/build/paracl" "/home/ananasik/projects/C++/vlados/5/ParaCL/1_version/tests/e2e/dat/0010.cl" "/home/ananasik/projects/C++/vlados/5/ParaCL/1_version/tests/e2e/ans/0010.ans"
Directory: /home/ananasik/projects/C++/vlados/5/ParaCL/1_version/build
"/home/ananasik/projects/C++/vlados/5/ParaCL/1_version/build/paracl_0010" start time: Nov 21 20:08 MSK
Output:
----------------------------------------------------------
[92mTEST PASSED[0m
<end of output>
Test time =   0.05 sec
----------------------------------------------------------
Test Passed.
"/home/ananasik/projects/C++/vlados/5/ParaCL/1_version/build/paracl_0010" end time: Nov 21 20:08 MSK
"/home/ananasik/projects/C++/vlados/5/ParaCL/1_version/build/paracl_0010" time elapsed: 00:00:00
----------------------------------------------------------

11/32 Testing: /home/ananasik/projects/C++/vlados/5/ParaCL/1_version/build/paracl_0011
11/32 Test: /home/ananasik/projects/C++/vlados/5/ParaCL/1_version/build/paracl_0011
Command: "/home/ananasik/projects/C++/vlados/5/ParaCL/1_version/debug/parse_program_output/parse_result.py" "/home/ananasik/projects/C++/vlados/5/ParaCL/1_version/build/paracl" "/home/ananasik/projects/C++/vlados/5/ParaCL/1_version/tests/e2e/dat/0011.cl" "/home/ananasik/projects/C++/vlados/5/ParaCL/1_version/tests/e2e/ans/0011.ans"
Directory: /home/ananasik/projects/C++/vlados/5/ParaCL/1_version/build
"/home/ananasik/projects/C++/vlados/5/ParaCL/1_version/build/paracl_0011" start time: Nov 21 20:08 MSK
Output:
----------------------------------------------------------
[92mTEST PASSED[0m
<end of output>
Test time =   0.04 sec
----------------------------------------------------------
Test Passed.
"/home/ananasik/projects/C++/vlados/5/ParaCL/1_version/build/paracl_0011" end time: Nov 21 20:08 MSK
"/home/ananasik/projects/C++/vlados/5/ParaCL/1_version/build/paracl_0011" time elapsed: 00:00:00
----------------------------------------------------------

12/32 Testing: /home/ananasik/projects/C++/vlados/5/ParaCL/1_version/build/paracl_0012
12/32 Test: /home/ananasik/projects/C++/vlados/5/ParaCL/1_version/build/paracl_0012
Command: "/home/ananasik/projects/C++/vlados/5/ParaCL/1_version/debug/parse_program_output/parse_result.py" "/home/ananasik/projects/C++/vlados/5/ParaCL/1_version/build/paracl" "/home/ananasik/projects/C++/vlados/5/ParaCL/1_version/tests/e2e/dat/0012.cl" "/home/ananasik/projects/C++/vlados/5/ParaCL/1_version/tests/e2e/ans/0012.ans"
Directory: /home/ananasik/projects/C++/vlados/5/ParaCL/1_version/build
"/home/ananasik/projects/C++/vlados/5/ParaCL/1_version/build/paracl_0012" start time: Nov 21 20:08 MSK
Output:
----------------------------------------------------------
[92mTEST PASSED[0m
<end of output>
Test time =   0.05 sec
----------------------------------------------------------
Test Passed.
"/home/ananasik/projects/C++/vlados/5/ParaCL/1_version/build/paracl_0012" end time: Nov 21 20:08 MSK
"/home/ananasik/projects/C++/vlados/5/ParaCL/1_version/build/paracl_0012" time elapsed: 00:00:00
----------------------------------------------------------

13/32 Testing: /home/ananasik/projects/C++/vlados/5/ParaCL/1_version/build/paracl_0013
13/32 Test: /home/ananasik/projects/C++/vlados/5/ParaCL/1_version/build/paracl_0013
Command: "/home/ananasik/projects/C++/vlados/5/ParaCL/1_version/debug/parse_program_output/parse_result.py" "/home/ananasik/projects/C++/vlados/5/ParaCL/1_version/build/paracl" "/home/ananasik/projects/C++/vlados/5/ParaCL/1_version/tests/e2e/dat/0013.cl" "/home/ananasik/projects/C++/vlados/5/ParaCL/1_version/tests/e2e/ans/0013.ans"
Directory: /home/ananasik/projects/C++/vlados/5/ParaCL/1_version/build
"/home/ananasik/projects/C++/vlados/5/ParaCL/1_version/build/paracl_0013" start time: Nov 21 20:08 MSK
Output:
----------------------------------------------------------
[92mTEST PASSED[0m
<end of output>
Test time =   0.05 sec
----------------------------------------------------------
Test Passed.
"/home/ananasik/projects/C++/vlados/5/ParaCL/1_version/build/paracl_0013" end time: Nov 21 20:08 MSK
"/home/ananasik/projects/C++/vlados/5/ParaCL/1_version/build/paracl_0013" time elapsed: 00:00:00
----------------------------------------------------------

14/32 Testing: /home/ananasik/projects/C++/vlados/5/ParaCL/1_version/build/paracl_0014
14/32 Test: /home/ananasik/projects/C++/vlados/5/ParaCL/1_version/build/paracl_0014
Command: "/home/ananasik/projects/C++/vlados/5/ParaCL/1_version/debug/parse_program_output/parse_result.py" "/home/ananasik/projects/C++/vlados/5/ParaCL/1_version/build/paracl" "/home/ananasik/projects/C++/vlados/5/ParaCL/1_version/tests/e2e/dat/0014.cl" "/home/ananasik/projects/C++/vlados/5/ParaCL/1_version/tests/e2e/ans/0014.ans"
Directory: /home/ananasik/projects/C++/vlados/5/ParaCL/1_version/build
"/home/ananasik/projects/C++/vlados/5/ParaCL/1_version/build/paracl_0014" start time: Nov 21 20:08 MSK
Output:
----------------------------------------------------------
[92mTEST PASSED[0m
<end of output>
Test time =   0.04 sec
----------------------------------------------------------
Test Passed.
"/home/ananasik/projects/C++/vlados/5/ParaCL/1_version/build/paracl_0014" end time: Nov 21 20:08 MSK
"/home/ananasik/projects/C++/vlados/5/ParaCL/1_version/build/paracl_0014" time elapsed: 00:00:00
----------------------------------------------------------

15/32 Testing: /home/ananasik/projects/C++/vlados/5/ParaCL/1_version/build/paracl_0015
15/32 Test: /home/ananasik/projects/C++/vlados/5/ParaCL/1_version/build/paracl_0015
Command: "/home/ananasik/projects/C++/vlados/5/ParaCL/1_version/debug/parse_program_output/parse_result.py" "/home/ananasik/projects/C++/vlados/5/ParaCL/1_version/build/paracl" "/home/ananasik/projects/C++/vlados/5/ParaCL/1_version/tests/e2e/dat/0015.cl" "/home/ananasik/projects/C++/vlados/5/ParaCL/1_version/tests/e2e/ans/0015.ans"
Directory: /home/ananasik/projects/C++/vlados/5/ParaCL/1_version/build
"/home/ananasik/projects/C++/vlados/5/ParaCL/1_version/build/paracl_0015" start time: Nov 21 20:08 MSK
Output:
----------------------------------------------------------
[92mTEST PASSED[0m
<end of output>
Test time =   0.04 sec
----------------------------------------------------------
Test Passed.
"/home/ananasik/projects/C++/vlados/5/ParaCL/1_version/build/paracl_0015" end time: Nov 21 20:08 MSK
"/home/ananasik/projects/C++/vlados/5/ParaCL/1_version/build/paracl_0015" time elapsed: 00:00:00
----------------------------------------------------------

16/32 Testing: /home/ananasik/projects/C++/vlados/5/ParaCL/1_version/build/paracl_0016
16/32 Test: /home/ananasik/projects/C++/vlados/5/ParaCL/1_version/build/paracl_0016
Command: "/home/ananasik/projects/C++/vlados/5/ParaCL/1_version/debug/parse_program_output/parse_result.py" "/home/ananasik/projects/C++/vlados/5/ParaCL/1_version/build/paracl" "/home/ananasik/projects/C++/vlados/5/ParaCL/1_version/tests/e2e/dat/0016.cl" "/home/ananasik/projects/C++/vlados/5/ParaCL/1_version/tests/e2e/ans/0016.ans"
Directory: /home/ananasik/projects/C++/vlados/5/ParaCL/1_version/build
"/home/ananasik/projects/C++/vlados/5/ParaCL/1_version/build/paracl_0016" start time: Nov 21 20:08 MSK
Output:
----------------------------------------------------------
[92mTEST PASSED[0m
<end of output>
Test time =   0.04 sec
----------------------------------------------------------
Test Passed.
"/home/ananasik/projects/C++/vlados/5/ParaCL/1_version/build/paracl_0016" end time: Nov 21 20:08 MSK
"/home/ananasik/projects/C++/vlados/5/ParaCL/1_version/build/paracl_0016" time elapsed: 00:00:00
----------------------------------------------------------

17/32 Testing: /home/ananasik/projects/C++/vlados/5/ParaCL/1_version/build/paracl_0017
17/32 Test: /home/ananasik/projects/C++/vlados/5/ParaCL/1_version/build/paracl_0017
Command: "/home/ananasik/projects/C++/vlados/5/ParaCL/1_version/debug/parse_program_output/parse_result.py" "/home/ananasik/projects/C++/vlados/5/ParaCL/1_version/build/paracl" "/home/ananasik/projects/C++/vlados/5/ParaCL/1_version/tests/e2e/dat/0017.cl" "/home/ananasik/projects/C++/vlados/5/ParaCL/1_version/tests/e2e/ans/0017.ans"
Directory: /home/ananasik/projects/C++/vlados/5/ParaCL/1_version/build
"/home/ananasik/projects/C++/vlados/5/ParaCL/1_version/build/paracl_0017" start time: Nov 21 20:08 MSK
Output:
----------------------------------------------------------
[92mTEST PASSED[0m
<end of output>
Test time =   0.04 sec
----------------------------------------------------------
Test Passed.
"/home/ananasik/projects/C++/vlados/5/ParaCL/1_version/build/paracl_0017" end time: Nov 21 20:08 MSK
"/home/ananasik/projects/C++/vlados/5/ParaCL/1_version/build/paracl_0017" time elapsed: 00:00:00
----------------------------------------------------------

18/32 Testing: /home/ananasik/projects/C++/vlados/5/ParaCL/1_version/build/paracl_0018
18/32 Test: /home/ananasik/projects/C++/vlados/5/ParaCL/1_version/build/paracl_0018
Command: "/home/ananasik/projects/C++/vlados/5/ParaCL/1_version/debug/parse_program_output/parse_result.py" "/home/ananasik/projects/C++/vlados/5/ParaCL/1_version/build/paracl" "/home/ananasik/projects/C++/vlados/5/ParaCL/1_version/tests/e2e/dat/0018.cl" "/home/ananasik/projects/C++/vlados/5/ParaCL/1_version/tests/e2e/ans/0018.ans"
Directory: /home/ananasik/projects/C++/vlados/5/ParaCL/1_version/build
"/home/ananasik/projects/C++/vlados/5/ParaCL/1_version/build/paracl_0018" start time: Nov 21 20:08 MSK
Output:
----------------------------------------------------------
[92mTEST PASSED[0m
<end of output>
Test time =   0.05 sec
----------------------------------------------------------
Test Passed.
"/home/ananasik/projects/C++/vlados/5/ParaCL/1_version/build/paracl_0018" end time: Nov 21 20:08 MSK
"/home/ananasik/projects/C++/vlados/5/ParaCL/1_version/build/paracl_0018" time elapsed: 00:00:00
----------------------------------------------------------

19/32 Testing: /home/ananasik/projects/C++/vlados/5/ParaCL/1_version/build/paracl_0019
19/32 Test: /home/ananasik/projects/C++/vlados/5/ParaCL/1_version/build/paracl_0019
Command: "/home/ananasik/projects/C++/vlados/5/ParaCL/1_version/debug/parse_program_output/parse_result.py" "/home/ananasik/projects/C++/vlados/5/ParaCL/1_version/build/paracl" "/home/ananasik/projects/C++/vlados/5/ParaCL/1_version/tests/e2e/dat/0019.cl" "/home/ananasik/projects/C++/vlados/5/ParaCL/1_version/tests/e2e/ans/0019.ans"
Directory: /home/ananasik/projects/C++/vlados/5/ParaCL/1_version/build
"/home/ananasik/projects/C++/vlados/5/ParaCL/1_version/build/paracl_0019" start time: Nov 21 20:08 MSK
Output:
----------------------------------------------------------
[92mTEST PASSED[0m
<end of output>
Test time =   0.05 sec
----------------------------------------------------------
Test Passed.
"/home/ananasik/projects/C++/vlados/5/ParaCL/1_version/build/paracl_0019" end time: Nov 21 20:08 MSK
"/home/ananasik/projects/C++/vlados/5/ParaCL/1_version/build/paracl_0019" time elapsed: 00:00:00
----------------------------------------------------------

20/32 Testing: /home/ananasik/projects/C++/vlados/5/ParaCL/1_version/build/paracl_0020
20/32 Test: /home/ananasik/projects/C++/vlados/5/ParaCL/1_version/build/paracl_0020
Command: "/home/ananasik/projects/C++/vlados/5/ParaCL/1_version/debug/parse_program_output/parse_result.py" "/home/ananasik/projects/C++/vlados/5/ParaCL/1_version/build/paracl" "/home/ananasik/projects/C++/vlados/5/ParaCL/1_version/tests/e2e/dat/0020.cl" "/home/ananasik/projects/C++/vlados/5/ParaCL/1_version/tests/e2e/ans/0020.ans"
Directory: /home/ananasik/projects/C++/vlados/5/ParaCL/1_version/build
"/home/ananasik/projects/C++/vlados/5/ParaCL/1_version/build/paracl_0020" start time: Nov 21 20:08 MSK
Output:
----------------------------------------------------------
[92mTEST PASSED[0m
<end of output>
Test time =   0.05 sec
----------------------------------------------------------
Test Passed.
"/home/ananasik/projects/C++/vlados/5/ParaCL/1_version/build/paracl_0020" end time: Nov 21 20:08 MSK
"/home/ananasik/projects/C++/vlados/5/ParaCL/1_version/build/paracl_0020" time elapsed: 00:00:00
----------------------------------------------------------

21/32 Testing: /home/ananasik/projects/C++/vlados/5/ParaCL/1_version/build/paracl_0021
21/32 Test: /home/ananasik/projects/C++/vlados/5/ParaCL/1_version/build/paracl_0021
Command: "/home/ananasik/projects/C++/vlados/5/ParaCL/1_version/debug/parse_program_output/parse_result.py" "/home/ananasik/projects/C++/vlados/5/ParaCL/1_version/build/paracl" "/home/ananasik/projects/C++/vlados/5/ParaCL/1_version/tests/e2e/dat/0021.cl" "/home/ananasik/projects/C++/vlados/5/ParaCL/1_version/tests/e2e/ans/0021.ans"
Directory: /home/ananasik/projects/C++/vlados/5/ParaCL/1_version/build
"/home/ananasik/projects/C++/vlados/5/ParaCL/1_version/build/paracl_0021" start time: Nov 21 20:08 MSK
Output:
----------------------------------------------------------
[92mTEST PASSED[0m
<end of output>
Test time =   0.05 sec
----------------------------------------------------------
Test Passed.
"/home/ananasik/projects/C++/vlados/5/ParaCL/1_version/build/paracl_0021" end time: Nov 21 20:08 MSK
"/home/ananasik/projects/C++/vlados/5/ParaCL/1_version/build/paracl_0021" time elapsed: 00:00:00
----------------------------------------------------------

22/32 Testing: /home/ananasik/projects/C++/vlados/5/ParaCL/1_version/build/paracl_0022
22/32 Test: /home/ananasik/projects/C++/vlados/5/ParaCL/1_version/build/paracl_0022
Command: "/home/ananasik/projects/C++/vlados/5/ParaCL/1_version/debug/parse_program_output/parse_result.py" "/home/ananasik/projects/C++/vlados/5/ParaCL/1_version/build/paracl" "/home/ananasik/projects/C++/vlados/5/ParaCL/1_version/tests/e2e/dat/0022.cl" "/home/ananasik/projects/C++/vlados/5/ParaCL/1_version/tests/e2e/ans/0022.ans"
Directory: /home/ananasik/projects/C++/vlados/5/ParaCL/1_version/build
"/home/ananasik/projects/C++/vlados/5/ParaCL/1_version/build/paracl_0022" start time: Nov 21 20:08 MSK
Output:
----------------------------------------------------------
[92mTEST PASSED[0m
<end of output>
Test time =   0.04 sec
----------------------------------------------------------
Test Passed.
"/home/ananasik/projects/C++/vlados/5/ParaCL/1_version/build/paracl_0022" end time: Nov 21 20:08 MSK
"/home/ananasik/projects/C++/vlados/5/ParaCL/1_version/build/paracl_0022" time elapsed: 00:00:00
----------------------------------------------------------

23/32 Testing: /home/ananasik/projects/C++/vlados/5/ParaCL/1_version/build/paracl_0023
23/32 Test: /home/ananasik/projects/C++/vlados/5/ParaCL/1_version/build/paracl_0023
Command: "/home/ananasik/projects/C++/vlados/5/ParaCL/1_version/debug/parse_program_output/parse_result.py" "/home/ananasik/projects/C++/vlados/5/ParaCL/1_version/build/paracl" "/home/ananasik/projects/C++/vlados/5/ParaCL/1_version/tests/e2e/dat/0023.cl" "/home/ananasik/projects/C++/vlados/5/ParaCL/1_version/tests/e2e/ans/0023.ans"
Directory: /home/ananasik/projects/C++/vlados/5/ParaCL/1_version/build
"/home/ananasik/projects/C++/vlados/5/ParaCL/1_version/build/paracl_0023" start time: Nov 21 20:08 MSK
Output:
----------------------------------------------------------
[92mTEST PASSED[0m
<end of output>
Test time =   0.04 sec
----------------------------------------------------------
Test Passed.
"/home/ananasik/projects/C++/vlados/5/ParaCL/1_version/build/paracl_0023" end time: Nov 21 20:08 MSK
"/home/ananasik/projects/C++/vlados/5/ParaCL/1_version/build/paracl_0023" time elapsed: 00:00:00
----------------------------------------------------------

24/32 Testing: /home/ananasik/projects/C++/vlados/5/ParaCL/1_version/build/paracl_0024
24/32 Test: /home/ananasik/projects/C++/vlados/5/ParaCL/1_version/build/paracl_0024
Command: "/home/ananasik/projects/C++/vlados/5/ParaCL/1_version/debug/parse_program_output/parse_result.py" "/home/ananasik/projects/C++/vlados/5/ParaCL/1_version/build/paracl" "/home/ananasik/projects/C++/vlados/5/ParaCL/1_version/tests/e2e/dat/0024.cl" "/home/ananasik/projects/C++/vlados/5/ParaCL/1_version/tests/e2e/ans/0024.ans"
Directory: /home/ananasik/projects/C++/vlados/5/ParaCL/1_version/build
"/home/ananasik/projects/C++/vlados/5/ParaCL/1_version/build/paracl_0024" start time: Nov 21 20:08 MSK
Output:
----------------------------------------------------------
[92mTEST PASSED[0m
<end of output>
Test time =   0.04 sec
----------------------------------------------------------
Test Passed.
"/home/ananasik/projects/C++/vlados/5/ParaCL/1_version/build/paracl_0024" end time: Nov 21 20:08 MSK
"/home/ananasik/projects/C++/vlados/5/ParaCL/1_version/build/paracl_0024" time elapsed: 00:00:00
----------------------------------------------------------

25/32 Testing: /home/ananasik/projects/C++/vlados/5/ParaCL/1_version/build/paracl_0025
25/32 Test: /home/ananasik/projects/C++/vlados/5/ParaCL/1_version/build/paracl_0025
Command: "/home/ananasik/projects/C++/vlados/5/ParaCL/1_version/debug/parse_program_output/parse_result.py" "/home/ananasik/projects/C++/vlados/5/ParaCL/1_version/build/paracl" "/home/ananasik/projects/C++/vlados/5/ParaCL/1_version/tests/e2e/dat/0025.cl" "/home/ananasik/projects/C++/vlados/5/ParaCL/1_version/tests/e2e/ans/0025.ans"
Directory: /home/ananasik/projects/C++/vlados/5/ParaCL/1_version/build
"/home/ananasik/projects/C++/vlados/5/ParaCL/1_version/build/paracl_0025" start time: Nov 21 20:08 MSK
Output:
----------------------------------------------------------
[92mTEST PASSED[0m
<end of output>
Test time =   0.05 sec
----------------------------------------------------------
Test Passed.
"/home/ananasik/projects/C++/vlados/5/ParaCL/1_version/build/paracl_0025" end time: Nov 21 20:08 MSK
"/home/ananasik/projects/C++/vlados/5/ParaCL/1_version/build/paracl_0025" time elapsed: 00:00:00
----------------------------------------------------------

26/32 Testing: /home/ananasik/projects/C++/vlados/5/ParaCL/1_version/build/paracl_0026
26/32 Test: /home/ananasik/projects/C++/vlados/5/ParaCL/1_version/build/paracl_0026
Command: "/home/ananasik/projects/C++/vlados/5/ParaCL/1_version/debug/parse_program_output/parse_result.py" "/home/ananasik/projects/C++/vlados/5/ParaCL/1_version/build/paracl" "/home/ananasik/projects/C++/vlados/5/ParaCL/1_version/tests/e2e/dat/0026.cl" "/home/ananasik/projects/C++/vlados/5/ParaCL/1_version/tests/e2e/ans/0026.ans"
Directory: /home/ananasik/projects/C++/vlados/5/ParaCL/1_version/build
"/home/ananasik/projects/C++/vlados/5/ParaCL/1_version/build/paracl_0026" start time: Nov 21 20:08 MSK
Output:
----------------------------------------------------------
[92mTEST PASSED[0m
<end of output>
Test time =   0.05 sec
----------------------------------------------------------
Test Passed.
"/home/ananasik/projects/C++/vlados/5/ParaCL/1_version/build/paracl_0026" end time: Nov 21 20:08 MSK
"/home/ananasik/projects/C++/vlados/5/ParaCL/1_version/build/paracl_0026" time elapsed: 00:00:00
----------------------------------------------------------

27/32 Testing: /home/ananasik/projects/C++/vlados/5/ParaCL/1_version/build/paracl_0027
27/32 Test: /home/ananasik/projects/C++/vlados/5/ParaCL/1_version/build/paracl_0027
Command: "/home/ananasik/projects/C++/vlados/5/ParaCL/1_version/debug/parse_program_output/parse_result.py" "/home/ananasik/projects/C++/vlados/5/ParaCL/1_version/build/paracl" "/home/ananasik/projects/C++/vlados/5/ParaCL/1_version/tests/e2e/dat/0027.cl" "/home/ananasik/projects/C++/vlados/5/ParaCL/1_version/tests/e2e/ans/0027.ans"
Directory: /home/ananasik/projects/C++/vlados/5/ParaCL/1_version/build
"/home/ananasik/projects/C++/vlados/5/ParaCL/1_version/build/paracl_0027" start time: Nov 21 20:08 MSK
Output:
----------------------------------------------------------
[92mTEST PASSED[0m
<end of output>
Test time =   0.06 sec
----------------------------------------------------------
Test Passed.
"/home/ananasik/projects/C++/vlados/5/ParaCL/1_version/build/paracl_0027" end time: Nov 21 20:08 MSK
"/home/ananasik/projects/C++/vlados/5/ParaCL/1_version/build/paracl_0027" time elapsed: 00:00:00
----------------------------------------------------------

28/32 Testing: /home/ananasik/projects/C++/vlados/5/ParaCL/1_version/build/paracl_0028
28/32 Test: /home/ananasik/projects/C++/vlados/5/ParaCL/1_version/build/paracl_0028
Command: "/home/ananasik/projects/C++/vlados/5/ParaCL/1_version/debug/parse_program_output/parse_result.py" "/home/ananasik/projects/C++/vlados/5/ParaCL/1_version/build/paracl" "/home/ananasik/projects/C++/vlados/5/ParaCL/1_version/tests/e2e/dat/0028.cl" "/home/ananasik/projects/C++/vlados/5/ParaCL/1_version/tests/e2e/ans/0028.ans"
Directory: /home/ananasik/projects/C++/vlados/5/ParaCL/1_version/build
"/home/ananasik/projects/C++/vlados/5/ParaCL/1_version/build/paracl_0028" start time: Nov 21 20:08 MSK
Output:
----------------------------------------------------------
[92mTEST PASSED[0m
<end of output>
Test time =   0.05 sec
----------------------------------------------------------
Test Passed.
"/home/ananasik/projects/C++/vlados/5/ParaCL/1_version/build/paracl_0028" end time: Nov 21 20:08 MSK
"/home/ananasik/projects/C++/vlados/5/ParaCL/1_version/build/paracl_0028" time elapsed: 00:00:00
----------------------------------------------------------

29/32 Testing: /home/ananasik/projects/C++/vlados/5/ParaCL/1_version/build/paracl_0029
29/32 Test: /home/ananasik/projects/C++/vlados/5/ParaCL/1_version/build/paracl_0029
Command: "/home/ananasik/projects/C++/vlados/5/ParaCL/1_version/debug/parse_program_output/parse_result.py" "/home/ananasik/projects/C++/vlados/5/ParaCL/1_version/build/paracl" "/home/ananasik/projects/C++/vlados/5/ParaCL/1_version/tests/e2e/dat/0029.cl" "/home/ananasik/projects/C++/vlados/5/ParaCL/1_version/tests/e2e/ans/0029.ans"
Directory: /home/ananasik/projects/C++/vlados/5/ParaCL/1_version/build
"/home/ananasik/projects/C++/vlados/5/ParaCL/1_version/build/paracl_0029" start time: Nov 21 20:08 MSK
Output:
----------------------------------------------------------
[92mTEST PASSED[0m
<end of output>
Test time =   0.05 sec
----------------------------------------------------------
Test Passed.
"/home/ananasik/projects/C++/vlados/5/ParaCL/1_version/build/paracl_0029" end time: Nov 21 20:08 MSK
"/home/ananasik/projects/C++/vlados/5/ParaCL/1_version/build/paracl_0029" time elapsed: 00:00:00
----------------------------------------------------------

30/32 Testing: /home/ananasik/projects/C++/vlados/5/ParaCL/1_version/build/paracl_0030
30/32 Test: /home/ananasik/projects/C++/vlados/5/ParaCL/1_version/build/paracl_0030
Command: "/home/ananasik/projects/C++/vlados/5/ParaCL/1_version/debug/parse_program_output/parse_result.py" "/home/ananasik/projects/C++/vlados/5/ParaCL/1_version/build/paracl" "/home/ananasik/projects/C++/vlados/5/ParaCL/1_version/tests/e2e/dat/0030.cl" "/home/ananasik/projects/C++/vlados/5/ParaCL/1_version/tests/e2e/ans/0030.ans"
Directory: /home/ananasik/projects/C++/vlados/5/ParaCL/1_version/build
"/home/ananasik/projects/C++/vlados/5/ParaCL/1_version/build/paracl_0030" start time: Nov 21 20:08 MSK
Output:
----------------------------------------------------------
[92mTEST PASSED[0m
<end of output>
Test time =   0.03 sec
----------------------------------------------------------
Test Passed.
"/home/ananasik/projects/C++/vlados/5/ParaCL/1_version/build/paracl_0030" end time: Nov 21 20:08 MSK
"/home/ananasik/projects/C++/vlados/5/ParaCL/1_version/build/paracl_0030" time elapsed: 00:00:00
----------------------------------------------------------

31/32 Testing: /home/ananasik/projects/C++/vlados/5/ParaCL/1_version/build/paracl_0031
31/32 Test: /home/ananasik/projects/C++/vlados/5/ParaCL/1_version/build/paracl_0031
Command: "/home/ananasik/projects/C++/vlados/5/ParaCL/1_version/debug/parse_program_output/parse_result.py" "/home/ananasik/projects/C++/vlados/5/ParaCL/1_version/build/paracl" "/home/ananasik/projects/C++/vlados/5/ParaCL/1_version/tests/e2e/dat/0031.cl" "/home/ananasik/projects/C++/vlados/5/ParaCL/1_version/tests/e2e/ans/0031.ans"
Directory: /home/ananasik/projects/C++/vlados/5/ParaCL/1_version/build
"/home/ananasik/projects/C++/vlados/5/ParaCL/1_version/build/paracl_0031" start time: Nov 21 20:08 MSK
Output:
----------------------------------------------------------
[92mTEST PASSED[0m
<end of output>
Test time =   0.04 sec
----------------------------------------------------------
Test Passed.
"/home/ananasik/projects/C++/vlados/5/ParaCL/1_version/build/paracl_0031" end time: Nov 21 20:08 MSK
"/home/ananasik/projects/C++/vlados/5/ParaCL/1_version/build/paracl_0031" time elapsed: 00:00:00
----------------------------------------------------------

32/32 Testing: /home/ananasik/projects/C++/vlados/5/ParaCL/1_version/build/paracl_0032
32/32 Test: /home/ananasik/projects/C++/vlados/5/ParaCL/1_version/build/paracl_0032
Command: "/home/ananasik/projects/C++/vlados/5/ParaCL/1_version/debug/parse_program_output/parse_result.py" "/home/ananasik/projects/C++/vlados/5/ParaCL/1_version/build/paracl" "/home/ananasik/projects/C++/vlados/5/ParaCL/1_version/tests/e2e/dat/0032.cl" "/home/ananasik/projects/C++/vlados/5/ParaCL/1_version/tests/e2e/ans/0032.ans"
Directory: /home/ananasik/projects/C++/vlados/5/ParaCL/1_version/build
"/home/ananasik/projects/C++/vlados/5/ParaCL/1_version/build/paracl_0032" start time: Nov 21 20:08 MSK
Output:
----------------------------------------------------------
[92mTEST PASSED[0m
<end of output>
Test time =   0.04 sec
----------------------------------------------------------
Test Passed.
"/home/ananasik/projects/C++/vlados/5/ParaCL/1_version/build/paracl_0032" end time: Nov 21 20:08 MSK
"/home/ananasik/projects/C++/vlados/5/ParaCL/1_version/build/paracl_0032" time elapsed: 00:00:00
----------------------------------------------------------

End testing: Nov 21 20:08 MSK
